<?xml version="1.0" encoding="UTF-8"?>
<!-- Generated by org.testng.reporters.JUnitReportReporter -->
<testsuite hostname="SIDDESHWARA" name="testCases.VerifySingInFunctionWithReport" tests="1" failures="0" timestamp="24 Jul 2016 05:47:03 GMT" time="51.413" errors="0">
  <testcase name="testLogin" time="51.413" classname="testCases.VerifySingInFunctionWithReport"/>
</testsuite> <!-- testCases.VerifySingInFunctionWithReport -->
