<?xml version="1.0" encoding="UTF-8"?>
<!-- Generated by org.testng.reporters.JUnitReportReporter -->
<testsuite hostname="SIDDESHWARA" name="testCases.CopyOfVerifySingInFunctionWithReport" tests="1" failures="0" timestamp="24 Jul 2016 05:47:03 GMT" time="53.141" errors="0">
  <testcase name="testLogin" time="53.141" classname="testCases.CopyOfVerifySingInFunctionWithReport"/>
</testsuite> <!-- testCases.CopyOfVerifySingInFunctionWithReport -->
