<?xml version="1.0" encoding="UTF-8"?>
<!-- Generated by org.testng.reporters.JUnitReportReporter -->
<testsuite hostname="SIDDESHWARA" name="testCases.VerifyHomePageWithReports" tests="2" failures="0" timestamp="24 Jul 2016 05:41:25 GMT" time="10.474" errors="0">
  <testcase name="testHomePage1" time="4.584" classname="testCases.VerifyHomePageWithReports"/>
  <testcase name="testHomePage" time="5.890" classname="testCases.VerifyHomePageWithReports"/>
</testsuite> <!-- testCases.VerifyHomePageWithReports -->
