<?xml version="1.0" encoding="UTF-8"?>
<!-- Generated by org.testng.reporters.JUnitReportReporter -->
<testsuite hostname="SIDDESHWARA" name="testCases.VerifySingInFunctionWithReportCaptureImage" tests="1" failures="0" timestamp="23 Jul 2016 22:58:52 GMT" time="38.207" errors="0">
  <testcase name="testLogin" time="38.207" classname="testCases.VerifySingInFunctionWithReportCaptureImage"/>
</testsuite> <!-- testCases.VerifySingInFunctionWithReportCaptureImage -->
